{
  "stats": {
    "suites": 1,
    "tests": 3,
    "passes": 2,
    "pending": 0,
    "failures": 1,
    "start": "2022-05-12T13:31:39.941Z",
    "end": "2022-05-12T13:32:33.160Z",
    "duration": 53219,
    "testsRegistered": 3,
    "passPercent": 66.66666666666666,
    "pendingPercent": 0,
    "other": 0,
    "hasOther": false,
    "skipped": 0,
    "hasSkipped": false
  },
  "results": [
    {
      "uuid": "783fe970-c3af-460f-b5cb-3bf7caa5dc20",
      "title": "",
      "fullFile": "cypress/integration/TS2:couponPage.Spec.js",
      "file": "cypress/integration/TS2:couponPage.Spec.js",
      "beforeHooks": [],
      "afterHooks": [],
      "tests": [],
      "suites": [
        {
          "uuid": "5186f0cc-7d82-4731-87ff-7da28004b7ba",
          "title": "verify the coupon page section",
          "fullFile": "",
          "file": "",
          "beforeHooks": [],
          "afterHooks": [],
          "tests": [
            {
              "title": "verify the page navigate to home page ",
              "fullTitle": "verify the coupon page section verify the page navigate to home page ",
              "timedOut": null,
              "duration": 1173,
              "state": "passed",
              "speed": "fast",
              "pass": true,
              "fail": false,
              "pending": false,
              "context": null,
              "code": "cy.title().should('eq', selectors.element.couponsPage);",
              "err": {},
              "uuid": "e6ba157b-c11b-4656-92a0-14d89d6f5390",
              "parentUUID": "5186f0cc-7d82-4731-87ff-7da28004b7ba",
              "isHook": false,
              "skipped": false
            },
            {
              "title": " verify the top store section should appears",
              "fullTitle": "verify the coupon page section  verify the top store section should appears",
              "timedOut": null,
              "duration": 128,
              "state": "passed",
              "speed": "fast",
              "pass": true,
              "fail": false,
              "pending": false,
              "context": null,
              "code": "cy.get(\"header h2\").contains('Top Stores');\ncy.get(\"[data-uat='top-stores']\").first().should(\"be.visible\");\ncy.get(\"[data-uat='coupon-store-item']\").should('have.length', 14);",
              "err": {},
              "uuid": "bfbb98ed-afb4-4245-b5e4-2a4bb863c1a9",
              "parentUUID": "5186f0cc-7d82-4731-87ff-7da28004b7ba",
              "isHook": false,
              "skipped": false
            },
            {
              "title": "verify the Top Stores contains Url are active”",
              "fullTitle": "verify the coupon page section verify the Top Stores contains Url are active”",
              "timedOut": null,
              "duration": 12218,
              "state": "failed",
              "speed": null,
              "pass": false,
              "fail": true,
              "pending": false,
              "context": null,
              "code": "cy.get('div p[title]').then($test => {\n  for (let i = 0; i < $test.length; i++) {\n    const txt = $test[i].outerText.toLowerCase().split(' ').slice(-1).join(' ');\n    cy.get('[data-vars-cgt=\"click_coupon_top_stores_item\"]').eq(i).click();\n    cy.url().should('include', txt);\n    cy.wait(2000);\n  }\n});",
              "err": {
                "message": "AssertionError: Timed out retrying after 12000ms: Expected to find element: `div p[title]`, but never found it.",
                "estack": "AssertionError: Timed out retrying after 12000ms: Expected to find element: `div p[title]`, but never found it.\n    at Context.eval (https://iprice.my/__cypress/tests?p=cypress/integration/TS2:couponPage.Spec.js:117:8)",
                "diff": null
              },
              "uuid": "a02576cb-071b-44f0-ac20-568d02fa73d0",
              "parentUUID": "5186f0cc-7d82-4731-87ff-7da28004b7ba",
              "isHook": false,
              "skipped": false
            }
          ],
          "suites": [],
          "passes": [
            "e6ba157b-c11b-4656-92a0-14d89d6f5390",
            "bfbb98ed-afb4-4245-b5e4-2a4bb863c1a9"
          ],
          "failures": [
            "a02576cb-071b-44f0-ac20-568d02fa73d0"
          ],
          "pending": [],
          "skipped": [],
          "duration": 13519,
          "root": false,
          "rootEmpty": false,
          "_timeout": 2000
        }
      ],
      "passes": [],
      "failures": [],
      "pending": [],
      "skipped": [],
      "duration": 0,
      "root": true,
      "rootEmpty": true,
      "_timeout": 2000
    }
  ],
  "meta": {
    "mocha": {
      "version": "7.0.1"
    },
    "mochawesome": {
      "options": {
        "quiet": false,
        "reportFilename": "report",
        "saveHtml": true,
        "saveJson": true,
        "consoleReporter": "spec",
        "useInlineDiffs": false,
        "code": true
      },
      "version": "6.2.2"
    },
    "marge": {
      "options": {
        "reportDir": "cypress/results",
        "reportFilename": "report",
        "overwrite": true,
        "html": true,
        "json": true
      },
      "version": "5.2.0"
    }
  }
}