{
  "stats": {
    "suites": 1,
    "tests": 3,
    "passes": 3,
    "pending": 0,
    "failures": 0,
    "start": "2021-07-15T09:20:39.662Z",
    "end": "2021-07-15T09:20:41.596Z",
    "duration": 1934,
    "testsRegistered": 3,
    "passPercent": 100,
    "pendingPercent": 0,
    "other": 0,
    "hasOther": false,
    "skipped": 0,
    "hasSkipped": false
  },
  "results": [
    {
      "uuid": "75d3fd83-66dd-43d3-bba2-13485d095992",
      "title": "",
      "fullFile": "cypress/integration/1-getting-started/artical_assertion_test.spec.js",
      "file": "cypress/integration/1-getting-started/artical_assertion_test.spec.js",
      "beforeHooks": [],
      "afterHooks": [],
      "tests": [],
      "suites": [
        {
          "uuid": "d74550ed-361e-485d-b189-5634d307202b",
          "title": "condenast API response testing",
          "fullFile": "",
          "file": "",
          "beforeHooks": [],
          "afterHooks": [],
          "tests": [
            {
              "title": "Assert the response body with different methods",
              "fullTitle": "condenast API response testing Assert the response body with different methods",
              "timedOut": null,
              "duration": 762,
              "state": "passed",
              "speed": "slow",
              "pass": true,
              "fail": false,
              "pending": false,
              "context": null,
              "code": "// Response from mock API response\ncy.request('GET', '/?us_site=y&format=json', {\n  fixtures: 'response.json'\n}).then(res => {\n  //Response form server API response\n  //  cy.request('GET','/?us_site=y&format=json').then((res)=>{\n  expect(res.status).to.be.equal(200);\n  expect(res.body).not.to.be.null; //description of the story\n  //using contains text to assert it \n  cy.fixture('july_month').then(data => {\n    expect(res.body.bundle.containers[0].items[0].dangerousDek).to.be.contains(data.desription); //Description Head\n    //using equal method to assert it\n    expect(res.body.bundle.containers[0].items[0].dangerousHed).to.be.equal(data.heading); //Story author\n    //using include method to assert it\n    expect(res.body.bundle.containers[0].items[0].contributors.author.items[0].name).to.be.include(data.author);\n  });\n});",
              "err": {},
              "uuid": "cb6b7a0c-e169-4d1b-8a02-4cad5d4bd629",
              "parentUUID": "d74550ed-361e-485d-b189-5634d307202b",
              "isHook": false,
              "skipped": false
            },
            {
              "title": "get the all container name",
              "fullTitle": "condenast API response testing get the all container name",
              "timedOut": null,
              "duration": 570,
              "state": "passed",
              "speed": "slow",
              "pass": true,
              "fail": false,
              "pending": false,
              "context": null,
              "code": "cy.request('GET', '/?us_site=y&format=json').then(res => {\n  let len = res.body.bundle.containers.length;\n  for (let i = 0; i < len; i++) {\n    cy.log(res.body.bundle.containers[i].dangerousHed);\n  }\n});",
              "err": {},
              "uuid": "8be39e04-65b5-4a7c-b3ad-55a9287fea58",
              "parentUUID": "d74550ed-361e-485d-b189-5634d307202b",
              "isHook": false,
              "skipped": false
            },
            {
              "title": "Get the Artical Title, Description and Author of first container",
              "fullTitle": "condenast API response testing Get the Artical Title, Description and Author of first container",
              "timedOut": null,
              "duration": 559,
              "state": "passed",
              "speed": "slow",
              "pass": true,
              "fail": false,
              "pending": false,
              "context": null,
              "code": "cy.request('GET', '/?us_site=y&format=json').then(res => {\n  let len = res.body.bundle.containers[0].items.length;\n  cy.log(len);\n  for (let i = 0; i < len; i++) {\n    cy.log(`Artial Title  = ${res.body.bundle.containers[0].items[i].dangerousHed}`);\n    cy.log(`Artical Description  = ${res.body.bundle.containers[0].items[i].dangerousDek}`);\n    cy.log(`Artical Author = ${res.body.bundle.containers[0].items[i].contributors.author.items[0].name}`);\n  }\n});",
              "err": {},
              "uuid": "46e503a2-931d-4aa1-8641-18f66fa77d17",
              "parentUUID": "d74550ed-361e-485d-b189-5634d307202b",
              "isHook": false,
              "skipped": false
            }
          ],
          "suites": [],
          "passes": [
            "cb6b7a0c-e169-4d1b-8a02-4cad5d4bd629",
            "8be39e04-65b5-4a7c-b3ad-55a9287fea58",
            "46e503a2-931d-4aa1-8641-18f66fa77d17"
          ],
          "failures": [],
          "pending": [],
          "skipped": [],
          "duration": 1891,
          "root": false,
          "rootEmpty": false,
          "_timeout": 2000
        }
      ],
      "passes": [],
      "failures": [],
      "pending": [],
      "skipped": [],
      "duration": 0,
      "root": true,
      "rootEmpty": true,
      "_timeout": 2000
    }
  ],
  "meta": {
    "mocha": {
      "version": "7.0.1"
    },
    "mochawesome": {
      "options": {
        "quiet": false,
        "reportFilename": "report",
        "saveHtml": true,
        "saveJson": true,
        "consoleReporter": "spec",
        "useInlineDiffs": false,
        "code": true
      },
      "version": "6.2.2"
    },
    "marge": {
      "options": {
        "reportDir": "cypress/results",
        "reportFilename": "report",
        "overwrite": true,
        "html": true,
        "json": true
      },
      "version": "5.2.0"
    }
  }
}